<?xml version="1.0" encoding="UTF-8" ?>
<testsuite errors="0" failures="1" hostname="slc10wtw" name="com.oracle.pt.bass2.qe.testcase.AllTests" skipped="0" tests="1" time="22.701" timestamp="2018-10-29T06:23:54">
  <properties>
    <property name="java.vendor" value="Oracle Corporation" />
    <property name="env.USERDOMAIN_ROAMINGPROFILE" value="ORADEV" />
    <property name="env.DEFLOGDIR" value="C:\ProgramData\McAfee\DesktopProtection" />
    <property name="sun.java.launcher" value="SUN_STANDARD" />
    <property name="sun.management.compiler" value="HotSpot 64-Bit Tiered Compilers" />
    <property name="env.PROMPT" value="$P$G" />
    <property name="os.name" value="Windows Server 2012 R2" />
    <property name="env.PYTHONPATH" value="C:\Program Files (x86)\VMware\CobraWinLDTP\" />
    <property name="env.FP_NO_HOST_CHECK" value="NO" />
    <property name="sun.boot.class.path" value="C:\Oracle\java\jdk1.8.0_131\jre\lib\resources.jar;C:\Oracle\java\jdk1.8.0_131\jre\lib\rt.jar;C:\Oracle\java\jdk1.8.0_131\jre\lib\sunrsasign.jar;C:\Oracle\java\jdk1.8.0_131\jre\lib\jsse.jar;C:\Oracle\java\jdk1.8.0_131\jre\lib\jce.jar;C:\Oracle\java\jdk1.8.0_131\jre\lib\charsets.jar;C:\Oracle\java\jdk1.8.0_131\jre\lib\jfr.jar;C:\Oracle\java\jdk1.8.0_131\jre\classes" />
    <property name="env.COMPUTERNAME" value="SLC10WTW" />
    <property name="env.CommonProgramW6432" value="C:\Program Files\Common Files" />
    <property name="env.ALLUSERSPROFILE" value="C:\ProgramData" />
    <property name="sun.desktop" value="windows" />
    <property name="java.vm.specification.vendor" value="Oracle Corporation" />
    <property name="ant.home" value="F:\software\developer\eclipse-java-2018-09-win32-x86_64\eclipse\plugins\org.apache.ant_1.10.5.v20180808-0324" />
    <property name="java.runtime.version" value="1.8.0_131-b11" />
    <property name="env.HOMEPATH" value="\Users\xiaolson" />
    <property name="user.name" value="xiaolson" />
    <property name="user.language" value="en" />
    <property name="sun.boot.library.path" value="C:\Oracle\java\jdk1.8.0_131\jre\bin" />
    <property name="ant.project.default-target" value="build" />
    <property name="ant.project.name" value="FrameworkDemo" />
    <property name="java.version" value="1.8.0_131" />
    <property name="env.PROCESSOR_IDENTIFIER" value="Intel64 Family 6 Model 63 Stepping 2, GenuineIntel" />
    <property name="user.timezone" value="" />
    <property name="env.CLIENTNAME" value="XIAOLSON-CN" />
    <property name="env.TEMP" value="C:\Users\xiaolson\AppData\Local\Temp\3" />
    <property name="sun.arch.data.model" value="64" />
    <property name="env.RATIONAL_ICU4J_DIR" value="C:\Apps\IBM\IM\RationalSDLC\common\java\icu" />
    <property name="env.APR_ICONV_PATH" value="C:\Program Files (x86)\Subversion\iconv" />
    <property name="java.endorsed.dirs" value="C:\Oracle\java\jdk1.8.0_131\jre\lib\endorsed" />
    <property name="ant.file.FrameworkDemo" value="C:\Users\xiaolson\git\AutomationFramework\FrameworkDemo\build.xml" />
    <property name="env.VSEDEFLOGDIR" value="C:\ProgramData\McAfee\DesktopProtection" />
    <property name="sun.cpu.isalist" value="amd64" />
    <property name="env.HOMEDRIVE" value="C:" />
    <property name="sun.jnu.encoding" value="GBK" />
    <property name="file.encoding.pkg" value="sun.io" />
    <property name="env.VS110COMNTOOLS" value="C:\Program Files (x86)\Microsoft Visual Studio 11.0\Common7\Tools\" />
    <property name="file.separator" value="\" />
    <property name="java.specification.name" value="Java Platform API Specification" />
    <property name="java.class.version" value="52.0" />
    <property name="user.country" value="US" />
    <property name="env.GRADLE_HOME" value="C:\gradle" />
    <property name="java.home" value="C:\Oracle\java\jdk1.8.0_131\jre" />
    <property name="env.PSModulePath" value="C:\Windows\system32\WindowsPowerShell\v1.0\Modules\;C:\Program Files (x86)\AutoIt3\AutoItX" />
    <property name="env.APPDATA" value="C:\Users\xiaolson\AppData\Roaming" />
    <property name="env.PUBLIC" value="C:\Users\Public" />
    <property name="java.vm.info" value="mixed mode" />
    <property name="env.ComSpec" value="C:\Windows\system32\cmd.exe" />
    <property name="ant.file.type.FrameworkDemo" value="file" />
    <property name="env.OS" value="Windows_NT" />
    <property name="env.CommonProgramFiles" value="C:\Program Files\Common Files" />
    <property name="ant.file" value="C:\Users\xiaolson\git\AutomationFramework\FrameworkDemo\build.xml" />
    <property name="os.version" value="6.3" />
    <property name="env.ProgramW6432" value="C:\Program Files" />
    <property name="env.JAVA_OPTS" value="&quot;-Dcom.sun.xml.namespace.QName.useCompatibleSerialVersionUID=1.0 -Xms32m -Xmx64m&quot;" />
    <property name="env.SCITE_USERHOME" value="C:\Users\xiaolson\AppData\Local\AutoIt v3\SciTE" />
    <property name="path.separator" value=";" />
    <property name="java.vm.version" value="25.131-b11" />
    <property name="env.CCASE_ISO_DATE_FMT" value="0" />
    <property name="env.USERPROFILE" value="C:\Users\xiaolson" />
    <property name="user.variant" value="" />
    <property name="ant.library.dir" value="F:\software\developer\eclipse-java-2018-09-win32-x86_64\eclipse\plugins\org.apache.ant_1.10.5.v20180808-0324\lib" />
    <property name="junit.output.dir" value="junit" />
    <property name="env.JAVA_HOME" value="C:\Oracle\java\jdk1.8.0_131" />
    <property name="java.awt.printerjob" value="sun.awt.windows.WPrinterJob" />
    <property name="env.TMP" value="C:\Users\xiaolson\AppData\Local\Temp\3" />
    <property name="sun.io.unicode.encoding" value="UnicodeLittle" />
    <property name="awt.toolkit" value="sun.awt.windows.WToolkit" />
    <property name="user.script" value="" />
    <property name="env.CLEARCASE_PRIMARY_GROUP" value="ccpt" />
    <property name="target" value="1.8" />
    <property name="user.home" value="C:\Users\xiaolson" />
    <property name="env.ProgramData" value="C:\ProgramData" />
    <property name="env.ProgramFiles(x86)" value="C:\Program Files (x86)" />
    <property name="env.SESSIONNAME" value="RDP-Tcp#3" />
    <property name="java.specification.vendor" value="Oracle Corporation" />
    <property name="env.M2_HOME" value="F:\software\51Testing\apache-maven-3.5.4-bin\apache-maven-3.5.4" />
    <property name="java.vendor.url" value="http://java.oracle.com/" />
    <property name="java.library.path" value="C:\Oracle\java\jdk1.8.0_131\jre\bin;C:\Windows\Sun\Java\bin;C:\Windows\system32;C:\Windows;C:/Oracle/java/jdk1.8.0_131/bin/../jre/bin/server;C:/Oracle/java/jdk1.8.0_131/bin/../jre/bin;C:/Oracle/java/jdk1.8.0_131/bin/../jre/lib/amd64;C:\Oracle\java\jdk1.8.0_131\bin;C:\Program Files\Java\jdk1.8.0_121\bin;C:\PT8.55\bin\client\winx86;C:\Apps\IBM\IM\RationalSDLC\common;C:\Program Files\Java\jdk1.7.0_25\bin;C:\Oracle\oracle12c\12.1.0.2\dbhome\bin;C:\ProgramData\Oracle\Java\javapath;c:\apps\perl;c:\cygwin\bin;C:\oracle12c\product\12.1.0\dbhome_1\bin;C:\Apps\Perl;C:\Windows\system32;C:\Windows;C:\Windows\System32\Wbem;C:\Windows\System32\WindowsPowerShell\v1.0\;C:\Program Files\cURL\bin;c:\apps\perl\bin\;c:\windows\system32;c:\windows;c:\windows\system32\wbem;c:\Program Files (x86)\Microsoft SQL Server\100\Tools\Binn\;c:\Program Files\Microsoft SQL Server\100\Tools\Binn\;c:\Program Files\Microsoft SQL Server\100\DTS\Binn\;C:\Program Files\Microsoft SQL Server\110\Tools\Binn\;C:\Oracle\tuxedo11gR1_VS2010\bin;C:\Oracle\tuxedo11gR1_VS2010\jre\bin\server;C:\Oracle\tuxedo11gR1_VS2010\jre\bin;C:\Oracle\tuxedo12.1.1.0_VS2012\bin;C:\Oracle\tuxedo12.1.1.0_VS2012\jre\bin\server;C:\Oracle\tuxedo12.1.1.0_VS2012\jre\bin;C:\Oracle\tuxedo12.1.3.0.0_VS2012\bin;C:\Oracle\tuxedo12.1.3.0.0_VS2012\jre\bin\server;C:\Oracle\tuxedo12.1.3.0.0_VS2012\jre\bin;c:\pdit\Ruby193\bin;c:\pdit\mcollective\bin;C:\Apps\IBM\IM\RationalSDLC\ClearCase\bin;C:\Program Files (x86)\IBM\gsk8\lib;C:\Program Files (x86)\IBM\gsk8\bin;C:\Program Files\Git\cmd;C:\Program Files\TortoiseSVN\bin;C:\Program Files (x86)\Subversion\bin;C:\Program Files (x86)\Notepad++;C:\Program Files (x86)\VMware\CobraWinLDTP\;C:\Program Files\dotnet\;C:\gradle\bin;F:\software\51Testing\apache-maven-3.5.4-bin\apache-maven-3.5.4\bin;F:\software\apache-ant-1.10.5\bin;F:\software\developer\eclipse-java-2018-09-win32-x86_64\eclipse;;." />
    <property name="env.NUMBER_OF_PROCESSORS" value="2" />
    <property name="env.USERDNSDOMAIN" value="ORADEV.ORACLECORP.COM" />
    <property name="java.vm.vendor" value="Oracle Corporation" />
    <property name="java.runtime.name" value="Java(TM) SE Runtime Environment" />
    <property name="ant.version" value="Apache Ant(TM) version 1.10.5 compiled on July 10 2018" />
    <property name="java.class.path" value="C:\Users\xiaolson\git\AutomationFramework\FrameworkDemo\bin;C:\Users\xiaolson\.gradle\caches\modules-2\files-2.1\org.apache.commons\commons-math3\3.6.1\e4ba98f1d4b3c80ec46392f25e094a6a2e58fcbf\commons-math3-3.6.1.jar;C:\Users\xiaolson\.gradle\caches\modules-2\files-2.1\org.seleniumhq.selenium\selenium-java\3.14.0\5b50d4072e0e51779b6e9f3594106312061bfde\selenium-java-3.14.0.jar;C:\Users\xiaolson\.gradle\caches\modules-2\files-2.1\org.apache.logging.log4j\log4j-core\2.11.1\592a48674c926b01a9a747c7831bcd82a9e6d6e4\log4j-core-2.11.1.jar;C:\Users\xiaolson\.gradle\caches\modules-2\files-2.1\org.apache.logging.log4j\log4j-api\2.11.1\268f0fe4df3eefe052b57c87ec48517d64fb2a10\log4j-api-2.11.1.jar;C:\Users\xiaolson\.gradle\caches\modules-2\files-2.1\org.databene\feed4junit\1.2.0\79b5bce7b9a169501289497fe3d0eff105aa5f17\feed4junit-1.2.0.jar;C:\Users\xiaolson\.gradle\caches\modules-2\files-2.1\org.seleniumhq.selenium\selenium-chrome-driver\3.14.0\a8fa5d063821f70dab0b7170d4b814ef49ce4962\selenium-chrome-driver-3.14.0.jar;C:\Users\xiaolson\.gradle\caches\modules-2\files-2.1\org.seleniumhq.selenium\selenium-edge-driver\3.14.0\ca62365ff82c8c03861848355932ab36ddd73f57\selenium-edge-driver-3.14.0.jar;C:\Users\xiaolson\.gradle\caches\modules-2\files-2.1\org.seleniumhq.selenium\selenium-firefox-driver\3.14.0\f35ddc0b5e0e09be644df14ada85d83e6b8b3f3c\selenium-firefox-driver-3.14.0.jar;C:\Users\xiaolson\.gradle\caches\modules-2\files-2.1\org.seleniumhq.selenium\selenium-ie-driver\3.14.0\3c92cd026f08d381aa9cff8eca03962add562577\selenium-ie-driver-3.14.0.jar;C:\Users\xiaolson\.gradle\caches\modules-2\files-2.1\org.seleniumhq.selenium\selenium-opera-driver\3.14.0\123ae21ad13ecc888bf3e18d5c65857df32e6a9f\selenium-opera-driver-3.14.0.jar;C:\Users\xiaolson\.gradle\caches\modules-2\files-2.1\org.seleniumhq.selenium\selenium-safari-driver\3.14.0\8dade249fbfc6833697592c155638f348de10fbd\selenium-safari-driver-3.14.0.jar;C:\Users\xiaolson\.gradle\caches\modules-2\files-2.1\org.seleniumhq.selenium\selenium-support\3.14.0\2a8bfbe41c44a14f5674ea7bbcfc577259d34f99\selenium-support-3.14.0.jar;C:\Users\xiaolson\.gradle\caches\modules-2\files-2.1\org.seleniumhq.selenium\selenium-remote-driver\3.14.0\434c26e9df775d8f49619f7275a65a36d2d72ceb\selenium-remote-driver-3.14.0.jar;C:\Users\xiaolson\.gradle\caches\modules-2\files-2.1\com.google.guava\guava\25.0-jre\7319c34fa5866a85b6bad445adad69d402323129\guava-25.0-jre.jar;C:\Users\xiaolson\.gradle\caches\modules-2\files-2.1\org.seleniumhq.selenium\selenium-api\3.14.0\73e6db9b3cdc42966679a2112bfde9efbef16223\selenium-api-3.14.0.jar;C:\Users\xiaolson\.gradle\caches\modules-2\files-2.1\net.bytebuddy\byte-buddy\1.8.15\cb36fe3c70ead5fcd016856a7efff908402d86b8\byte-buddy-1.8.15.jar;C:\Users\xiaolson\.gradle\caches\modules-2\files-2.1\org.apache.commons\commons-exec\1.3\8dfb9facd0830a27b1b5f29f84593f0aeee7773b\commons-exec-1.3.jar;C:\Users\xiaolson\.gradle\caches\modules-2\files-2.1\org.apache.httpcomponents\httpclient\4.5.5\1603dfd56ebcd583ccdf337b6c3984ac55d89e58\httpclient-4.5.5.jar;C:\Users\xiaolson\.gradle\caches\modules-2\files-2.1\org.databene\databene-benerator\0.9.8\509f783be95439a549cc6613d48f90714bccbb9e\databene-benerator-0.9.8.jar;C:\Users\xiaolson\.gradle\caches\modules-2\files-2.1\org.databene\jdbacl\0.8.19\d304048c77c3a0bb318256f105a7f0eda5acee\jdbacl-0.8.19.jar;C:\Users\xiaolson\.gradle\caches\modules-2\files-2.1\org.databene\databene-formats\1.0.0\286690b4c78fcef182afd2a514a0e4733c941326\databene-formats-1.0.0.jar;C:\Users\xiaolson\.gradle\caches\modules-2\files-2.1\org.apache.poi\poi-ooxml\3.9\bbe83c739d22eecfacd06d7e0b99ba13277040ed\poi-ooxml-3.9.jar;C:\Users\xiaolson\.gradle\caches\modules-2\files-2.1\org.apache.poi\poi\3.9\5d5e41354e88322e4bc590b31f3d2d1d52b3e6ac\poi-3.9.jar;C:\Users\xiaolson\.gradle\caches\modules-2\files-2.1\commons-codec\commons-codec\1.10\4b95f4897fa13f2cd904aee711aeafc0c5295cd8\commons-codec-1.10.jar;C:\Users\xiaolson\.gradle\caches\modules-2\files-2.1\commons-logging\commons-logging\1.2\4bfc12adfe4842bf07b657f0369c4cb522955686\commons-logging-1.2.jar;C:\Users\xiaolson\.gradle\caches\modules-2\files-2.1\org.apache.httpcomponents\httpcore\4.4.9\a86ce739e5a7175b4b234c290a00a5fdb80957a0\httpcore-4.4.9.jar;C:\Users\xiaolson\.gradle\caches\modules-2\files-2.1\com.squareup.okhttp3\okhttp\3.10.0\7ef0f1d95bf4c0b3ba30bbae25e0e562b05cf75e\okhttp-3.10.0.jar;C:\Users\xiaolson\.gradle\caches\modules-2\files-2.1\com.squareup.okio\okio\1.14.1\3bd22672d0999a1a4d13b542b5dd855a89e69993\okio-1.14.1.jar;C:\Users\xiaolson\.gradle\caches\modules-2\files-2.1\org.databene\databene-script\1.0.0\542c18dc2eb88ba601aa0e143c6ec65a5dd45cdb\databene-script-1.0.0.jar;C:\Users\xiaolson\.gradle\caches\modules-2\files-2.1\org.databene\databene-commons\1.0.0\165bd9d92612186bf0e2dc7d533b769add86e2a3\databene-commons-1.0.0.jar;C:\Users\xiaolson\.gradle\caches\modules-2\files-2.1\org.databene\contiperf\2.3.4\ed39dd2a533f2422a5a86c3a45a95eca652d2b60\contiperf-2.3.4.jar;C:\Users\xiaolson\.gradle\caches\modules-2\files-2.1\javax.validation\validation-api\1.0.0.GA\b6bd7f9d78f6fdaa3c37dae18a4bd298915f328e\validation-api-1.0.0.GA.jar;C:\Users\xiaolson\.gradle\caches\modules-2\files-2.1\junit\junit\4.11\4e031bb61df09069aeb2bffb4019e7a5034a4ee0\junit-4.11.jar;C:\Users\xiaolson\.gradle\caches\modules-2\files-2.1\org.antlr\antlr-runtime\3.3\ccd65b08cbc9b7e90b9facd4d125a133c6f87228\antlr-runtime-3.3.jar;C:\Users\xiaolson\.gradle\caches\modules-2\files-2.1\org.freemarker\freemarker\2.3.20\5ad6bea46b5af666d88c260c8acc6a03408723c8\freemarker-2.3.20.jar;C:\Users\xiaolson\.gradle\caches\modules-2\files-2.1\org.slf4j\slf4j-api\1.6.4\2396d74b12b905f780ed7966738bb78438e8371a\slf4j-api-1.6.4.jar;C:\Users\xiaolson\.gradle\caches\modules-2\files-2.1\org.apache.poi\poi-ooxml-schemas\3.9\4c514498f0e82cccfdd3208b9caff2f45158db4a\poi-ooxml-schemas-3.9.jar;C:\Users\xiaolson\.gradle\caches\modules-2\files-2.1\xerces\xercesImpl\2.11.0\9bb329db1cfc4e22462c9d6b43a8432f5850e92c\xercesImpl-2.11.0.jar;C:\Users\xiaolson\.gradle\caches\modules-2\files-2.1\org.hamcrest\hamcrest-core\1.3\42a25dc3219429f0e5d060061f71acb49bf010a0\hamcrest-core-1.3.jar;C:\Users\xiaolson\.gradle\caches\modules-2\files-2.1\org.antlr\stringtemplate\3.2.1\59ec8083721eae215c6f3caee944c410d2be34de\stringtemplate-3.2.1.jar;C:\Users\xiaolson\.gradle\caches\modules-2\files-2.1\dom4j\dom4j\1.6.1\5d3ccc056b6f056dbf0dddfdf43894b9065a8f94\dom4j-1.6.1.jar;C:\Users\xiaolson\.gradle\caches\modules-2\files-2.1\org.apache.xmlbeans\xmlbeans\2.3.0\8704dcf5c9f10265a08f5020b0fab70eb64ac3c4\xmlbeans-2.3.0.jar;C:\Users\xiaolson\.gradle\caches\modules-2\files-2.1\xml-apis\xml-apis\1.4.01\3789d9fada2d3d458c4ba2de349d48780f381ee3\xml-apis-1.4.01.jar;C:\Users\xiaolson\.gradle\caches\modules-2\files-2.1\antlr\antlr\2.7.7\83cd2cd674a217ade95a4bb83a8a14f351f48bd0\antlr-2.7.7.jar;C:\Users\xiaolson\.gradle\caches\modules-2\files-2.1\stax\stax-api\1.0.1\49c100caf72d658aca8e58bd74a4ba90fa2b0d70\stax-api-1.0.1.jar;C:\Users\xiaolson\.gradle\caches\modules-2\files-2.1\com.google.code.findbugs\jsr305\1.3.9\40719ea6961c0cb6afaeb6a921eaa1f6afd4cfdf\jsr305-1.3.9.jar;C:\Users\xiaolson\.gradle\caches\modules-2\files-2.1\org.checkerframework\checker-compat-qual\2.0.0\fc89b03860d11d6213d0154a62bcd1c2f69b9efa\checker-compat-qual-2.0.0.jar;C:\Users\xiaolson\.gradle\caches\modules-2\files-2.1\com.google.errorprone\error_prone_annotations\2.1.3\39b109f2cd352b2d71b52a3b5a1a9850e1dc304b\error_prone_annotations-2.1.3.jar;C:\Users\xiaolson\.gradle\caches\modules-2\files-2.1\com.google.j2objc\j2objc-annotations\1.1\976d8d30bebc251db406f2bdb3eb01962b5685b3\j2objc-annotations-1.1.jar;C:\Users\xiaolson\.gradle\caches\modules-2\files-2.1\org.codehaus.mojo\animal-sniffer-annotations\1.14\775b7e22fb10026eed3f86e8dc556dfafe35f2d5\animal-sniffer-annotations-1.14.jar;C:\Users\xiaolson\.gradle\caches\modules-2\files-2.1\junit\junit\4.12\2973d150c0dc1fefe998f834810d68f278ea58ec\junit-4.12.jar;F:\software\developer\eclipse-java-2018-09-win32-x86_64\eclipse\plugins\org.apache.ant_1.10.5.v20180808-0324\lib\ant-launcher.jar;F:\software\developer\eclipse-java-2018-09-win32-x86_64\eclipse\plugins\org.apache.ant_1.10.5.v20180808-0324\lib\ant.jar;F:\software\developer\eclipse-java-2018-09-win32-x86_64\eclipse\plugins\org.apache.ant_1.10.5.v20180808-0324\lib\ant-junit.jar;F:\software\developer\eclipse-java-2018-09-win32-x86_64\eclipse\plugins\org.apache.ant_1.10.5.v20180808-0324\lib\ant-junit4.jar" />
    <property name="sun.java.command" value="org.apache.tools.ant.taskdefs.optional.junit.JUnitTestRunner com.oracle.pt.bass2.qe.testcase.AllTests skipNonTests=false filtertrace=true haltOnError=false haltOnFailure=false formatter=org.apache.tools.ant.taskdefs.optional.junit.OutErrSummaryJUnitResultFormatter showoutput=false outputtoformatters=true logfailedtests=true threadid=0 logtestlistenerevents=false formatter=org.apache.tools.ant.taskdefs.optional.junit.XMLJUnitResultFormatter,C:\Users\xiaolson\git\AutomationFramework\FrameworkDemo\junit\TEST-com.oracle.pt.bass2.qe.testcase.AllTests.xml crashfile=C:\Users\xiaolson\git\AutomationFramework\FrameworkDemo\junitvmwatcher4189989644535959399.properties propsfile=C:\Users\xiaolson\git\AutomationFramework\FrameworkDemo\junit6637256816165489734.properties" />
    <property name="java.vm.specification.name" value="Java Virtual Machine Specification" />
    <property name="env.windir" value="C:\Windows" />
    <property name="env.LOGONSERVER" value="\\PD-DC-SLC-01" />
    <property name="env.PROCESSOR_ARCHITECTURE" value="AMD64" />
    <property name="java.vm.specification.version" value="1.8" />
    <property name="sun.os.patch.level" value="" />
    <property name="env.IMAGETYPE" value="windows2012standard_r2_x64.pstv" />
    <property name="sun.cpu.endian" value="little" />
    <property name="debuglevel" value="source,lines,vars" />
    <property name="env.RATIONAL_ICU4J_VERSION" value="4_8" />
    <property name="env.OneDrive" value="C:\Users\xiaolson\OneDrive" />
    <property name="env.ProgramFiles" value="C:\Program Files" />
    <property name="env.ANT_HOME" value="F:\software\developer\eclipse-java-2018-09-win32-x86_64\eclipse\plugins\org.apache.ant_1.10.5.v20180808-0324" />
    <property name="java.io.tmpdir" value="C:\Users\xiaolson\AppData\Local\Temp\3\" />
    <property name="env.PROCESSOR_REVISION" value="3f02" />
    <property name="env.CommonProgramFiles(x86)" value="C:\Program Files (x86)\Common Files" />
    <property name="java.vendor.url.bug" value="http://bugreport.sun.com/bugreport/" />
    <property name="env.RUBYLIB" value="C:\Program Files (x86)\VMware\CobraWinLDTP\ldtp\" />
    <property name="env.SystemRoot" value="C:\Windows" />
    <property name="env.TUXDIR" value="C:\Oracle\tuxedo12.1.3.0.0_VS2012" />
    <property name="java.awt.graphicsenv" value="sun.awt.Win32GraphicsEnvironment" />
    <property name="os.arch" value="amd64" />
    <property name="java.ext.dirs" value="C:\Oracle\java\jdk1.8.0_131\jre\lib\ext;C:\Windows\Sun\Java\lib\ext" />
    <property name="env.PERL5LIB" value="C:\Program Files (x86)\VMware\CobraWinLDTP\ldtp\" />
    <property name="user.dir" value="C:\Users\xiaolson\git\AutomationFramework\FrameworkDemo" />
    <property name="env.LOCALAPPDATA" value="C:\Users\xiaolson\AppData\Local" />
    <property name="line.separator" value="&#xd;&#xa;" />
    <property name="java.vm.name" value="Java HotSpot(TM) 64-Bit Server VM" />
    <property name="env.PATHEXT" value=".COM;.EXE;.BAT;.CMD;.VBS;.VBE;.JS;.JSE;.WSF;.WSH;.MSC" />
    <property name="env.Path" value="C:/Oracle/java/jdk1.8.0_131/bin/../jre/bin/server;C:/Oracle/java/jdk1.8.0_131/bin/../jre/bin;C:/Oracle/java/jdk1.8.0_131/bin/../jre/lib/amd64;C:\Oracle\java\jdk1.8.0_131\bin;C:\Program Files\Java\jdk1.8.0_121\bin;C:\PT8.55\bin\client\winx86;C:\Apps\IBM\IM\RationalSDLC\common;C:\Program Files\Java\jdk1.7.0_25\bin;C:\Oracle\oracle12c\12.1.0.2\dbhome\bin;C:\ProgramData\Oracle\Java\javapath;c:\apps\perl;c:\cygwin\bin;C:\oracle12c\product\12.1.0\dbhome_1\bin;C:\Apps\Perl;C:\Windows\system32;C:\Windows;C:\Windows\System32\Wbem;C:\Windows\System32\WindowsPowerShell\v1.0\;C:\Program Files\cURL\bin;c:\apps\perl\bin\;c:\windows\system32;c:\windows;c:\windows\system32\wbem;c:\Program Files (x86)\Microsoft SQL Server\100\Tools\Binn\;c:\Program Files\Microsoft SQL Server\100\Tools\Binn\;c:\Program Files\Microsoft SQL Server\100\DTS\Binn\;C:\Program Files\Microsoft SQL Server\110\Tools\Binn\;C:\Oracle\tuxedo11gR1_VS2010\bin;C:\Oracle\tuxedo11gR1_VS2010\jre\bin\server;C:\Oracle\tuxedo11gR1_VS2010\jre\bin;C:\Oracle\tuxedo12.1.1.0_VS2012\bin;C:\Oracle\tuxedo12.1.1.0_VS2012\jre\bin\server;C:\Oracle\tuxedo12.1.1.0_VS2012\jre\bin;C:\Oracle\tuxedo12.1.3.0.0_VS2012\bin;C:\Oracle\tuxedo12.1.3.0.0_VS2012\jre\bin\server;C:\Oracle\tuxedo12.1.3.0.0_VS2012\jre\bin;c:\pdit\Ruby193\bin;c:\pdit\mcollective\bin;C:\Apps\IBM\IM\RationalSDLC\ClearCase\bin;C:\Program Files (x86)\IBM\gsk8\lib;C:\Program Files (x86)\IBM\gsk8\bin;C:\Program Files\Git\cmd;C:\Program Files\TortoiseSVN\bin;C:\Program Files (x86)\Subversion\bin;C:\Program Files (x86)\Notepad++;C:\Program Files (x86)\VMware\CobraWinLDTP\;C:\Program Files\dotnet\;C:\gradle\bin;F:\software\51Testing\apache-maven-3.5.4-bin\apache-maven-3.5.4\bin;F:\software\apache-ant-1.10.5\bin;F:\software\developer\eclipse-java-2018-09-win32-x86_64\eclipse;" />
    <property name="org.apache.tools.ant.taskdefs.optional.junit.AggregateTransformer0" value="C:\Users\xiaolson\AppData\Local\Temp\3\null162639580" />
    <property name="env.JRE_HOME" value="C:\Program Files\Java\jdk1.8.0_121\jre" />
    <property name="basedir" value="C:\Users\xiaolson\git\AutomationFramework\FrameworkDemo" />
    <property name="ant.java.version" value="1.8" />
    <property name="ant.core.lib" value="F:\software\developer\eclipse-java-2018-09-win32-x86_64\eclipse\plugins\org.apache.ant_1.10.5.v20180808-0324\lib\ant.jar" />
    <property name="env.USERNAME" value="xiaolson" />
    <property name="source" value="1.8" />
    <property name="env.SystemDrive" value="C:" />
    <property name="file.encoding" value="GBK" />
    <property name="env.VS100COMNTOOLS" value="c:\Program Files (x86)\Microsoft Visual Studio 10.0\Common7\Tools\" />
    <property name="env.USERDOMAIN" value="ORADEV" />
    <property name="java.specification.version" value="1.8" />
    <property name="ant.project.invoked-targets" value="build,junitreport,AllTests" />
    <property name="env.PROCESSOR_LEVEL" value="6" />
  </properties>
  <testcase classname="com.oracle.pt.bass2.qe.testcase.Login" name="login" time="10.011">
    <failure message="expected:&lt;.../index.php?m=user&amp;c=[index&amp;a=index]&gt; but was:&lt;.../index.php?m=user&amp;c=[public&amp;a=login]&gt;" type="junit.framework.AssertionFailedError">junit.framework.AssertionFailedError: expected:&lt;.../index.php?m=user&amp;c=[index&amp;a=index]&gt; but was:&lt;.../index.php?m=user&amp;c=[public&amp;a=login]&gt;
	at com.oracle.pt.bass2.qe.base.pageobject.LoginPage.login(LoginPage.java:41)
	at com.oracle.pt.bass2.qe.testcase.Login.login(Login.java:18)
	at com.oracle.pt.bass2.qe.rule.RetryRule$1.evaluate(RetryRule.java:31)
	at com.oracle.pt.bass2.qe.runner.TestSuite.run(TestSuite.java:51)
</failure>
  </testcase>
  <system-out><![CDATA[Retry
尝试执行次数 : 3
尝试执行login第1次
尝试执行login第2次
尝试执行login第3次
C:\Users\xiaolson\git\AutomationFramework\FrameworkDemo\image\Login_login_2018-10-29_00_24_10_465.png
org.junit.ComparisonFailure: expected:<.../index.php?m=user&c=[index&a=index]> but was:<.../index.php?m=user&c=[public&a=login]>
	at org.junit.Assert.assertEquals(Assert.java:115)
	at org.junit.Assert.assertEquals(Assert.java:144)
	at com.oracle.pt.bass2.qe.base.pageobject.LoginPage.login(LoginPage.java:41)
	at com.oracle.pt.bass2.qe.testcase.Login.login(Login.java:18)
	at sun.reflect.NativeMethodAccessorImpl.invoke0(Native Method)
	at sun.reflect.NativeMethodAccessorImpl.invoke(NativeMethodAccessorImpl.java:62)
	at sun.reflect.DelegatingMethodAccessorImpl.invoke(DelegatingMethodAccessorImpl.java:43)
	at java.lang.reflect.Method.invoke(Method.java:498)
	at org.junit.runners.model.FrameworkMethod$1.runReflectiveCall(FrameworkMethod.java:47)
	at org.junit.internal.runners.model.ReflectiveCallable.run(ReflectiveCallable.java:12)
	at org.junit.runners.model.FrameworkMethod.invokeExplosively(FrameworkMethod.java:44)
	at org.junit.internal.runners.statements.InvokeMethod.evaluate(InvokeMethod.java:17)
	at com.oracle.pt.bass2.qe.rule.RetryRule$1.evaluate(RetryRule.java:31)
	at org.junit.rules.RunRules.evaluate(RunRules.java:20)
	at org.junit.runners.ParentRunner.runLeaf(ParentRunner.java:271)
	at org.junit.runners.BlockJUnit4ClassRunner.runChild(BlockJUnit4ClassRunner.java:70)
	at org.junit.runners.BlockJUnit4ClassRunner.runChild(BlockJUnit4ClassRunner.java:50)
	at org.junit.runners.ParentRunner$3.run(ParentRunner.java:238)
	at org.junit.runners.ParentRunner$1.schedule(ParentRunner.java:63)
	at org.junit.runners.ParentRunner.runChildren(ParentRunner.java:236)
	at org.junit.runners.ParentRunner.access$000(ParentRunner.java:53)
	at org.junit.runners.ParentRunner$2.evaluate(ParentRunner.java:229)
	at org.junit.internal.runners.statements.RunBefores.evaluate(RunBefores.java:26)
	at org.junit.internal.runners.statements.RunAfters.evaluate(RunAfters.java:27)
	at org.junit.runners.ParentRunner.run(ParentRunner.java:309)
	at org.junit.runners.Suite.runChild(Suite.java:127)
	at org.junit.runners.Suite.runChild(Suite.java:26)
	at org.junit.runners.ParentRunner$3.run(ParentRunner.java:238)
	at org.junit.runners.ParentRunner$1.schedule(ParentRunner.java:63)
	at org.junit.runners.ParentRunner.runChildren(ParentRunner.java:236)
	at org.junit.runners.ParentRunner.access$000(ParentRunner.java:53)
	at org.junit.runners.ParentRunner$2.evaluate(ParentRunner.java:229)
	at com.oracle.pt.bass2.qe.runner.TestSuite.run(TestSuite.java:51)
	at junit.framework.JUnit4TestAdapter.run(JUnit4TestAdapter.java:38)
	at org.apache.tools.ant.taskdefs.optional.junit.JUnitTestRunner.run(JUnitTestRunner.java:534)
	at org.apache.tools.ant.taskdefs.optional.junit.JUnitTestRunner.launch(JUnitTestRunner.java:1196)
	at org.apache.tools.ant.taskdefs.optional.junit.JUnitTestRunner.main(JUnitTestRunner.java:1041)

]]></system-out>
  <system-err><![CDATA[1540794236057	mozrunner::runner	INFO	Running command: "C:\\Program Files\\Mozilla Firefox\\firefox.exe" "-marionette" "-foreground" "-no-remote" "-profile" "C:\\Users\\xiaolson\\AppData\\Local\\Temp\\3\\rust_mozprofile.2U3d8OhUsS0d"
1540794238447	Marionette	INFO	Listening on port 10156
1540794238766	Marionette	WARN	TLS certificate errors will be ignored for this session
Oct 29, 2018 12:23:58 AM org.openqa.selenium.remote.ProtocolHandshake createSession
INFO: Detected dialect: W3C
JavaScript error: http://localhost/index.php?m=user&c=public&a=login, line 433: TypeError: $(...).Validform is not a function
ERROR StatusLogger No Log4j 2 configuration file found. Using default configuration (logging only errors to the console), or user programmatically provided configurations. Set system property 'log4j2.debug' to show Log4j 2 internal initialization logging. See https://logging.apache.org/log4j/2.x/manual/configuration.html for instructions on how to configure Log4j 2
JavaScript error: http://localhost/index.php?m=user&c=public&a=login, line 433: TypeError: $(...).Validform is not a function
JavaScript error: http://localhost/index.php?m=user&c=public&a=login, line 433: TypeError: $(...).Validform is not a function
???????3?κ??????????login????????????
SLF4J: Failed to load class "org.slf4j.impl.StaticLoggerBinder".
SLF4J: Defaulting to no-operation (NOP) logger implementation
SLF4J: See http://www.slf4j.org/codes.html#StaticLoggerBinder for further details.
JavaScript error: http://localhost/index.php?m=user&c=public&a=login, line 433: TypeError: $(...).Validform is not a function
1540794255682	Marionette	INFO	Stopped listening on port 10156
[Child 8944, Chrome_ChildThread] WARNING: pipe error: 109: file z:/build/build/src/ipc/chromium/src/chrome/common/ipc_channel_win.cc, line 346
[Parent 6556, Gecko_IOThread] WARNING: pipe error: 109: file z:/build/build/src/ipc/chromium/src/chrome/common/ipc_channel_win.cc, line 346
[Child 6756, Chrome_ChildThread] WARNING: pipe error: 109: file z:/build/build/src/ipc/chromium/src/chrome/common/ipc_channel_win.cc, line 346
[Parent 6556, Gecko_IOThread] WARNING: pipe error: 109: file z:/build/build/src/ipc/chromium/src/chrome/common/ipc_channel_win.cc, line 346
[Child 120, Chrome_ChildThread] WARNING: pipe error: 109: file z:/build/build/src/ipc/chromium/src/chrome/common/ipc_channel_win.cc, line 346
[Child 120, Chrome_ChildThread] WARNING: pipe error: 109: file z:/build/build/src/ipc/chromium/src/chrome/common/ipc_channel_win.cc, line 346
[GPU 7808, Chrome_ChildThread] WARNING: pipe error: 109: file z:/build/build/src/ipc/chromium/src/chrome/common/ipc_channel_win.cc, line 346

###!!! [Child][RunMessage] Error: Channel closing: too late to send/recv, messages will be lost


###!!! [Child][MessageChannel::SendAndWait] Error: Channel error: cannot send/recv

]]></system-err>
</testsuite>
